<?xml version="1.0" encoding="UTF-8"?>
<!-- Generated by org.testng.reporters.JUnitReportReporter -->
<testsuite hostname="DESKTOP-8CNA17E" failures="0" tests="1" name="excel_Data_Driven_Testing_7.DataDriven_Excel_8" time="0.013" errors="0" timestamp="2022-08-02T19:32:24 IST" skipped="0">
  <testcase classname="excel_Data_Driven_Testing_7.DataDriven_Excel_8" name="dataDrivenDemoMethod" time="0.013"/>
  <system-out/>
</testsuite> <!-- excel_Data_Driven_Testing_7.DataDriven_Excel_8 -->
