<?xml version="1.0" encoding="UTF-8"?>
<!-- Generated by org.testng.reporters.JUnitReportReporter -->
<testsuite hostname="DESKTOP-8CNA17E" failures="0" tests="2" name="testNG_4.GroupUsage_3" time="0.027" errors="0" timestamp="2022-06-13T17:11:08 IST" skipped="0">
  <testcase classname="testNG_4.GroupUsage_3" name="testMethod1" time="0.024"/>
  <system-out/>
  <testcase classname="testNG_4.GroupUsage_3" name="testMethod3" time="0.003"/>
  <system-out/>
</testsuite> <!-- testNG_4.GroupUsage_3 -->
