<?xml version="1.0" encoding="UTF-8"?>
<!-- Generated by org.testng.reporters.JUnitReportReporter -->
<testsuite hostname="DESKTOP-8CNA17E" failures="0" tests="1" name="JavaStreams_3.Tutorial1" time="0.015" errors="0" timestamp="2022-06-11T18:19:34 IST" skipped="0">
  <testcase classname="JavaStreams_3.Tutorial1" name="interviewQuestion" time="0.015"/>
  <system-out/>
</testsuite> <!-- JavaStreams_3.Tutorial1 -->
