<?xml version="1.0" encoding="UTF-8"?>
<!-- Generated by org.testng.reporters.JUnitReportReporter -->
<testsuite hostname="DESKTOP-8CNA17E" failures="0" tests="2" name="testNG_4.Class2" time="0.006" errors="0" timestamp="2022-06-12T00:37:03 IST" skipped="0">
  <testcase classname="testNG_4.Class2" name="testMethod2" time="0.001"/>
  <system-out/>
  <testcase classname="testNG_4.Class2" name="testMethod1" time="0.005"/>
  <system-out/>
</testsuite> <!-- testNG_4.Class2 -->
