<?xml version="1.0" encoding="UTF-8"?>
<!-- Generated by org.testng.reporters.JUnitReportReporter -->
<testsuite hostname="DESKTOP-8CNA17E" failures="0" tests="1" name="extentReports_6.ExtentReport_Demo" time="20.402" errors="0" timestamp="2022-08-01T16:16:14 IST" skipped="0">
  <testcase classname="extentReports_6.ExtentReport_Demo" name="initialDemo" time="20.402"/>
  <system-out/>
</testsuite> <!-- extentReports_6.ExtentReport_Demo -->
