<?xml version="1.0" encoding="UTF-8"?>
<!-- Generated by org.testng.reporters.JUnitReportReporter -->
<testsuite hostname="DESKTOP-8CNA17E" failures="0" tests="4" name="testNG_4.AnnotationHelper_4" time="0.027" errors="0" timestamp="2022-06-13T17:58:04 IST" skipped="0">
  <testcase classname="testNG_4.AnnotationHelper_4" name="testMethod4" time="0.021"/>
  <system-out/>
  <testcase classname="testNG_4.AnnotationHelper_4" name="testMethod3" time="0.001"/>
  <system-out/>
  <testcase classname="testNG_4.AnnotationHelper_4" name="testMethod2" time="0.003"/>
  <system-out/>
  <testcase classname="testNG_4.AnnotationHelper_4" name="testMethod1" time="0.002"/>
  <system-out/>
</testsuite> <!-- testNG_4.AnnotationHelper_4 -->
