<?xml version="1.0" encoding="UTF-8"?>
<!-- Generated by org.testng.reporters.JUnitReportReporter -->
<testsuite hostname="DESKTOP-8CNA17E" failures="0" tests="3" name="testNG_4.TestNGParameterisation_5" time="0.024" errors="0" timestamp="2022-06-13T19:43:16 IST" skipped="0">
  <testcase classname="testNG_4.TestNGParameterisation_5" name="testMethod3" time="0.003"/>
  <system-out/>
  <testcase classname="testNG_4.TestNGParameterisation_5" name="testMethod1" time="0.016"/>
  <system-out/>
  <testcase classname="testNG_4.TestNGParameterisation_5" name="testMethod2" time="0.005"/>
  <system-out/>
</testsuite> <!-- testNG_4.TestNGParameterisation_5 -->
