<?xml version="1.0" encoding="UTF-8"?>
<!-- Generated by org.testng.reporters.JUnitReportReporter -->
<testsuite hostname="DESKTOP-8CNA17E" failures="0" tests="3" name="testNG_4.DataProviderParapererization_6" time="0.035" errors="0" timestamp="2022-06-13T20:13:17 IST" skipped="0">
  <testcase classname="testNG_4.DataProviderParapererization_6" name="webLogin" time="0.028"/>
  <system-out/>
  <testcase classname="testNG_4.DataProviderParapererization_6" name="webLogin" time="0.005"/>
  <system-out/>
  <testcase classname="testNG_4.DataProviderParapererization_6" name="webLogin" time="0.002"/>
  <system-out/>
</testsuite> <!-- testNG_4.DataProviderParapererization_6 -->
